{"/Users/ematipico/www/easy-log/src/index.js": {"path":"/Users/ematipico/www/easy-log/src/index.js","statementMap":{"0":{"start":{"line":5,"column":23},"end":{"line":21,"column":1}},"1":{"start":{"line":25,"column":20},"end":{"line":25,"column":41}},"2":{"start":{"line":26,"column":2},"end":{"line":55,"column":4}},"3":{"start":{"line":27,"column":4},"end":{"line":29,"column":5}},"4":{"start":{"line":28,"column":6},"end":{"line":28,"column":47}},"5":{"start":{"line":31,"column":17},"end":{"line":31,"column":35}},"6":{"start":{"line":32,"column":4},"end":{"line":34,"column":5}},"7":{"start":{"line":33,"column":6},"end":{"line":33,"column":70}},"8":{"start":{"line":35,"column":4},"end":{"line":37,"column":5}},"9":{"start":{"line":36,"column":6},"end":{"line":36,"column":70}},"10":{"start":{"line":39,"column":4},"end":{"line":49,"column":5}},"11":{"start":{"line":40,"column":6},"end":{"line":42,"column":7}},"12":{"start":{"line":41,"column":8},"end":{"line":41,"column":85}},"13":{"start":{"line":43,"column":6},"end":{"line":48,"column":7}},"14":{"start":{"line":44,"column":20},"end":{"line":44,"column":29}},"15":{"start":{"line":45,"column":8},"end":{"line":47,"column":9}},"16":{"start":{"line":46,"column":10},"end":{"line":46,"column":107}},"17":{"start":{"line":50,"column":4},"end":{"line":54,"column":5}},"18":{"start":{"line":51,"column":6},"end":{"line":53,"column":7}},"19":{"start":{"line":52,"column":8},"end":{"line":52,"column":76}},"20":{"start":{"line":65,"column":2},"end":{"line":69,"column":3}},"21":{"start":{"line":66,"column":4},"end":{"line":68,"column":5}},"22":{"start":{"line":67,"column":6},"end":{"line":67,"column":32}},"23":{"start":{"line":70,"column":2},"end":{"line":70,"column":62}}},"fnMap":{"0":{"name":"validateSettings","decl":{"start":{"line":24,"column":9},"end":{"line":24,"column":25}},"loc":{"start":{"line":24,"column":37},"end":{"line":58,"column":1}},"line":24},"1":{"name":"(anonymous_1)","decl":{"start":{"line":26,"column":20},"end":{"line":26,"column":21}},"loc":{"start":{"line":26,"column":32},"end":{"line":55,"column":3}},"line":26},"2":{"name":"createLogger","decl":{"start":{"line":64,"column":16},"end":{"line":64,"column":28}},"loc":{"start":{"line":64,"column":54},"end":{"line":71,"column":1}},"line":64}},"branchMap":{"0":{"loc":{"start":{"line":27,"column":4},"end":{"line":29,"column":5}},"type":"if","locations":[{"start":{"line":27,"column":4},"end":{"line":29,"column":5}},{"start":{"line":27,"column":4},"end":{"line":29,"column":5}}],"line":27},"1":{"loc":{"start":{"line":32,"column":4},"end":{"line":34,"column":5}},"type":"if","locations":[{"start":{"line":32,"column":4},"end":{"line":34,"column":5}},{"start":{"line":32,"column":4},"end":{"line":34,"column":5}}],"line":32},"2":{"loc":{"start":{"line":35,"column":4},"end":{"line":37,"column":5}},"type":"if","locations":[{"start":{"line":35,"column":4},"end":{"line":37,"column":5}},{"start":{"line":35,"column":4},"end":{"line":37,"column":5}}],"line":35},"3":{"loc":{"start":{"line":39,"column":4},"end":{"line":49,"column":5}},"type":"if","locations":[{"start":{"line":39,"column":4},"end":{"line":49,"column":5}},{"start":{"line":39,"column":4},"end":{"line":49,"column":5}}],"line":39},"4":{"loc":{"start":{"line":40,"column":6},"end":{"line":42,"column":7}},"type":"if","locations":[{"start":{"line":40,"column":6},"end":{"line":42,"column":7}},{"start":{"line":40,"column":6},"end":{"line":42,"column":7}}],"line":40},"5":{"loc":{"start":{"line":43,"column":6},"end":{"line":48,"column":7}},"type":"if","locations":[{"start":{"line":43,"column":6},"end":{"line":48,"column":7}},{"start":{"line":43,"column":6},"end":{"line":48,"column":7}}],"line":43},"6":{"loc":{"start":{"line":45,"column":8},"end":{"line":47,"column":9}},"type":"if","locations":[{"start":{"line":45,"column":8},"end":{"line":47,"column":9}},{"start":{"line":45,"column":8},"end":{"line":47,"column":9}}],"line":45},"7":{"loc":{"start":{"line":50,"column":4},"end":{"line":54,"column":5}},"type":"if","locations":[{"start":{"line":50,"column":4},"end":{"line":54,"column":5}},{"start":{"line":50,"column":4},"end":{"line":54,"column":5}}],"line":50},"8":{"loc":{"start":{"line":51,"column":6},"end":{"line":53,"column":7}},"type":"if","locations":[{"start":{"line":51,"column":6},"end":{"line":53,"column":7}},{"start":{"line":51,"column":6},"end":{"line":53,"column":7}}],"line":51},"9":{"loc":{"start":{"line":65,"column":2},"end":{"line":69,"column":3}},"type":"if","locations":[{"start":{"line":65,"column":2},"end":{"line":69,"column":3}},{"start":{"line":65,"column":2},"end":{"line":69,"column":3}}],"line":65},"10":{"loc":{"start":{"line":66,"column":4},"end":{"line":68,"column":5}},"type":"if","locations":[{"start":{"line":66,"column":4},"end":{"line":68,"column":5}},{"start":{"line":66,"column":4},"end":{"line":68,"column":5}}],"line":66},"11":{"loc":{"start":{"line":70,"column":34},"end":{"line":70,"column":60}},"type":"binary-expr","locations":[{"start":{"line":70,"column":34},"end":{"line":70,"column":42}},{"start":{"line":70,"column":46},"end":{"line":70,"column":60}}],"line":70}},"s":{"0":1,"1":13,"2":13,"3":16,"4":1,"5":15,"6":15,"7":3,"8":12,"9":1,"10":11,"11":3,"12":1,"13":2,"14":2,"15":2,"16":1,"17":9,"18":2,"19":1,"20":17,"21":17,"22":13,"23":9},"f":{"0":13,"1":16,"2":17},"b":{"0":[1,15],"1":[3,12],"2":[1,11],"3":[3,8],"4":[1,2],"5":[2,0],"6":[1,1],"7":[2,7],"8":[1,1],"9":[17,0],"10":[13,4],"11":[9,4]},"_coverageSchema":"332fd63041d2c1bcb487cc26dd0d5f7d97098a6c","hash":"99779bea98e70c85ca1f4c0d3c0a887736bf45ef"}
,"/Users/ematipico/www/easy-log/src/logger.js": {"path":"/Users/ematipico/www/easy-log/src/logger.js","statementMap":{"0":{"start":{"line":1,"column":30},"end":{"line":1,"column":31}},"1":{"start":{"line":2,"column":13},"end":{"line":2,"column":27}},"2":{"start":{"line":5,"column":2},"end":{"line":5,"column":62}},"3":{"start":{"line":6,"column":2},"end":{"line":6,"column":22}},"4":{"start":{"line":7,"column":2},"end":{"line":7,"column":21}},"5":{"start":{"line":10,"column":0},"end":{"line":20,"column":2}},"6":{"start":{"line":12,"column":4},"end":{"line":12,"column":32}},"7":{"start":{"line":13,"column":4},"end":{"line":13,"column":23}},"8":{"start":{"line":16,"column":4},"end":{"line":16,"column":28}},"9":{"start":{"line":23,"column":25},"end":{"line":23,"column":52}},"10":{"start":{"line":24,"column":19},"end":{"line":24,"column":40}},"11":{"start":{"line":26,"column":25},"end":{"line":26,"column":44}},"12":{"start":{"line":27,"column":4},"end":{"line":53,"column":6}},"13":{"start":{"line":28,"column":34},"end":{"line":28,"column":47}},"14":{"start":{"line":29,"column":30},"end":{"line":29,"column":34}},"15":{"start":{"line":31,"column":6},"end":{"line":46,"column":7}},"16":{"start":{"line":32,"column":8},"end":{"line":45,"column":9}},"17":{"start":{"line":33,"column":10},"end":{"line":44,"column":11}},"18":{"start":{"line":34,"column":33},"end":{"line":34,"column":93}},"19":{"start":{"line":35,"column":12},"end":{"line":37,"column":13}},"20":{"start":{"line":36,"column":16},"end":{"line":36,"column":59}},"21":{"start":{"line":39,"column":30},"end":{"line":39,"column":67}},"22":{"start":{"line":40,"column":12},"end":{"line":42,"column":13}},"23":{"start":{"line":41,"column":14},"end":{"line":41,"column":95}},"24":{"start":{"line":43,"column":12},"end":{"line":43,"column":74}},"25":{"start":{"line":48,"column":6},"end":{"line":52,"column":8}}},"fnMap":{"0":{"name":"(anonymous_0)","decl":{"start":{"line":2,"column":13},"end":{"line":2,"column":14}},"loc":{"start":{"line":2,"column":25},"end":{"line":2,"column":27}},"line":2},"1":{"name":"Logger","decl":{"start":{"line":4,"column":16},"end":{"line":4,"column":22}},"loc":{"start":{"line":4,"column":49},"end":{"line":8,"column":1}},"line":4},"2":{"name":"(anonymous_2)","decl":{"start":{"line":11,"column":7},"end":{"line":11,"column":8}},"loc":{"start":{"line":11,"column":27},"end":{"line":14,"column":3}},"line":11},"3":{"name":"(anonymous_3)","decl":{"start":{"line":15,"column":7},"end":{"line":15,"column":8}},"loc":{"start":{"line":15,"column":19},"end":{"line":17,"column":3}},"line":15},"4":{"name":"installLevels","decl":{"start":{"line":22,"column":9},"end":{"line":22,"column":22}},"loc":{"start":{"line":22,"column":40},"end":{"line":54,"column":1}},"line":22},"5":{"name":"(anonymous_5)","decl":{"start":{"line":27,"column":25},"end":{"line":27,"column":26}},"loc":{"start":{"line":27,"column":34},"end":{"line":53,"column":5}},"line":27},"6":{"name":"(anonymous_6)","decl":{"start":{"line":32,"column":28},"end":{"line":32,"column":29}},"loc":{"start":{"line":32,"column":40},"end":{"line":45,"column":9}},"line":32},"7":{"name":"(anonymous_7)","decl":{"start":{"line":35,"column":19},"end":{"line":35,"column":20}},"loc":{"start":{"line":35,"column":31},"end":{"line":37,"column":13}},"line":35}},"branchMap":{"0":{"loc":{"start":{"line":5,"column":22},"end":{"line":5,"column":62}},"type":"binary-expr","locations":[{"start":{"line":5,"column":22},"end":{"line":5,"column":37}},{"start":{"line":5,"column":41},"end":{"line":5,"column":62}}],"line":5},"1":{"loc":{"start":{"line":31,"column":6},"end":{"line":46,"column":7}},"type":"if","locations":[{"start":{"line":31,"column":6},"end":{"line":46,"column":7}},{"start":{"line":31,"column":6},"end":{"line":46,"column":7}}],"line":31},"2":{"loc":{"start":{"line":33,"column":10},"end":{"line":44,"column":11}},"type":"if","locations":[{"start":{"line":33,"column":10},"end":{"line":44,"column":11}},{"start":{"line":33,"column":10},"end":{"line":44,"column":11}}],"line":33},"3":{"loc":{"start":{"line":40,"column":12},"end":{"line":42,"column":13}},"type":"if","locations":[{"start":{"line":40,"column":12},"end":{"line":42,"column":13}},{"start":{"line":40,"column":12},"end":{"line":42,"column":13}}],"line":40}},"s":{"0":1,"1":1,"2":9,"3":9,"4":9,"5":1,"6":1,"7":1,"8":2,"9":10,"10":10,"11":10,"12":10,"13":23,"14":23,"15":23,"16":19,"17":4,"18":1,"19":1,"20":1,"21":3,"22":3,"23":1,"24":3,"25":23},"f":{"0":0,"1":9,"2":1,"3":2,"4":10,"5":23,"6":4,"7":1},"b":{"0":[9,4],"1":[19,4],"2":[1,3],"3":[1,2]},"_coverageSchema":"332fd63041d2c1bcb487cc26dd0d5f7d97098a6c","hash":"12e168468ed05ced958b18597d74c8c8856b3971"}
}
