{"/Users/ematipico/www/easy-log/src/index.js": {"path":"/Users/ematipico/www/easy-log/src/index.js","statementMap":{"0":{"start":{"line":5,"column":23},"end":{"line":21,"column":1}},"1":{"start":{"line":25,"column":20},"end":{"line":25,"column":41}},"2":{"start":{"line":26,"column":2},"end":{"line":49,"column":4}},"3":{"start":{"line":27,"column":4},"end":{"line":29,"column":5}},"4":{"start":{"line":28,"column":6},"end":{"line":28,"column":47}},"5":{"start":{"line":31,"column":17},"end":{"line":31,"column":35}},"6":{"start":{"line":32,"column":4},"end":{"line":34,"column":5}},"7":{"start":{"line":33,"column":6},"end":{"line":33,"column":70}},"8":{"start":{"line":35,"column":4},"end":{"line":37,"column":5}},"9":{"start":{"line":36,"column":6},"end":{"line":36,"column":70}},"10":{"start":{"line":39,"column":4},"end":{"line":43,"column":5}},"11":{"start":{"line":40,"column":6},"end":{"line":42,"column":7}},"12":{"start":{"line":41,"column":8},"end":{"line":41,"column":85}},"13":{"start":{"line":44,"column":4},"end":{"line":48,"column":5}},"14":{"start":{"line":45,"column":6},"end":{"line":47,"column":7}},"15":{"start":{"line":46,"column":8},"end":{"line":46,"column":76}},"16":{"start":{"line":60,"column":2},"end":{"line":64,"column":3}},"17":{"start":{"line":61,"column":4},"end":{"line":63,"column":5}},"18":{"start":{"line":62,"column":6},"end":{"line":62,"column":32}},"19":{"start":{"line":65,"column":2},"end":{"line":65,"column":62}}},"fnMap":{"0":{"name":"validateSettings","decl":{"start":{"line":24,"column":9},"end":{"line":24,"column":25}},"loc":{"start":{"line":24,"column":37},"end":{"line":52,"column":1}},"line":24},"1":{"name":"(anonymous_1)","decl":{"start":{"line":26,"column":20},"end":{"line":26,"column":21}},"loc":{"start":{"line":26,"column":32},"end":{"line":49,"column":3}},"line":26},"2":{"name":"createLogger","decl":{"start":{"line":59,"column":16},"end":{"line":59,"column":28}},"loc":{"start":{"line":59,"column":54},"end":{"line":66,"column":1}},"line":59}},"branchMap":{"0":{"loc":{"start":{"line":27,"column":4},"end":{"line":29,"column":5}},"type":"if","locations":[{"start":{"line":27,"column":4},"end":{"line":29,"column":5}},{"start":{"line":27,"column":4},"end":{"line":29,"column":5}}],"line":27},"1":{"loc":{"start":{"line":32,"column":4},"end":{"line":34,"column":5}},"type":"if","locations":[{"start":{"line":32,"column":4},"end":{"line":34,"column":5}},{"start":{"line":32,"column":4},"end":{"line":34,"column":5}}],"line":32},"2":{"loc":{"start":{"line":35,"column":4},"end":{"line":37,"column":5}},"type":"if","locations":[{"start":{"line":35,"column":4},"end":{"line":37,"column":5}},{"start":{"line":35,"column":4},"end":{"line":37,"column":5}}],"line":35},"3":{"loc":{"start":{"line":39,"column":4},"end":{"line":43,"column":5}},"type":"if","locations":[{"start":{"line":39,"column":4},"end":{"line":43,"column":5}},{"start":{"line":39,"column":4},"end":{"line":43,"column":5}}],"line":39},"4":{"loc":{"start":{"line":40,"column":6},"end":{"line":42,"column":7}},"type":"if","locations":[{"start":{"line":40,"column":6},"end":{"line":42,"column":7}},{"start":{"line":40,"column":6},"end":{"line":42,"column":7}}],"line":40},"5":{"loc":{"start":{"line":44,"column":4},"end":{"line":48,"column":5}},"type":"if","locations":[{"start":{"line":44,"column":4},"end":{"line":48,"column":5}},{"start":{"line":44,"column":4},"end":{"line":48,"column":5}}],"line":44},"6":{"loc":{"start":{"line":45,"column":6},"end":{"line":47,"column":7}},"type":"if","locations":[{"start":{"line":45,"column":6},"end":{"line":47,"column":7}},{"start":{"line":45,"column":6},"end":{"line":47,"column":7}}],"line":45},"7":{"loc":{"start":{"line":60,"column":2},"end":{"line":64,"column":3}},"type":"if","locations":[{"start":{"line":60,"column":2},"end":{"line":64,"column":3}},{"start":{"line":60,"column":2},"end":{"line":64,"column":3}}],"line":60},"8":{"loc":{"start":{"line":61,"column":4},"end":{"line":63,"column":5}},"type":"if","locations":[{"start":{"line":61,"column":4},"end":{"line":63,"column":5}},{"start":{"line":61,"column":4},"end":{"line":63,"column":5}}],"line":61},"9":{"loc":{"start":{"line":65,"column":34},"end":{"line":65,"column":60}},"type":"binary-expr","locations":[{"start":{"line":65,"column":34},"end":{"line":65,"column":42}},{"start":{"line":65,"column":46},"end":{"line":65,"column":60}}],"line":65}},"s":{"0":1,"1":12,"2":12,"3":15,"4":1,"5":14,"6":14,"7":3,"8":11,"9":1,"10":10,"11":2,"12":1,"13":9,"14":2,"15":1,"16":16,"17":16,"18":12,"19":9},"f":{"0":12,"1":15,"2":16},"b":{"0":[1,14],"1":[3,11],"2":[1,10],"3":[2,8],"4":[1,1],"5":[2,7],"6":[1,1],"7":[16,0],"8":[12,4],"9":[9,4]},"_coverageSchema":"332fd63041d2c1bcb487cc26dd0d5f7d97098a6c","hash":"878de2db555aac3695095e3cd34bb7a2409e98f4"}
,"/Users/ematipico/www/easy-log/src/logger.js": {"path":"/Users/ematipico/www/easy-log/src/logger.js","statementMap":{"0":{"start":{"line":1,"column":30},"end":{"line":1,"column":31}},"1":{"start":{"line":2,"column":13},"end":{"line":2,"column":27}},"2":{"start":{"line":5,"column":2},"end":{"line":5,"column":62}},"3":{"start":{"line":6,"column":2},"end":{"line":6,"column":22}},"4":{"start":{"line":7,"column":2},"end":{"line":7,"column":21}},"5":{"start":{"line":10,"column":0},"end":{"line":20,"column":2}},"6":{"start":{"line":12,"column":4},"end":{"line":12,"column":32}},"7":{"start":{"line":13,"column":4},"end":{"line":13,"column":23}},"8":{"start":{"line":16,"column":4},"end":{"line":16,"column":28}},"9":{"start":{"line":23,"column":25},"end":{"line":23,"column":52}},"10":{"start":{"line":24,"column":19},"end":{"line":24,"column":40}},"11":{"start":{"line":26,"column":25},"end":{"line":26,"column":44}},"12":{"start":{"line":27,"column":4},"end":{"line":54,"column":6}},"13":{"start":{"line":28,"column":34},"end":{"line":28,"column":47}},"14":{"start":{"line":29,"column":30},"end":{"line":29,"column":34}},"15":{"start":{"line":31,"column":6},"end":{"line":47,"column":7}},"16":{"start":{"line":32,"column":8},"end":{"line":46,"column":9}},"17":{"start":{"line":33,"column":21},"end":{"line":33,"column":58}},"18":{"start":{"line":34,"column":10},"end":{"line":45,"column":11}},"19":{"start":{"line":35,"column":33},"end":{"line":35,"column":88}},"20":{"start":{"line":36,"column":12},"end":{"line":39,"column":13}},"21":{"start":{"line":37,"column":29},"end":{"line":37,"column":66}},"22":{"start":{"line":38,"column":16},"end":{"line":38,"column":54}},"23":{"start":{"line":41,"column":12},"end":{"line":43,"column":13}},"24":{"start":{"line":42,"column":14},"end":{"line":42,"column":83}},"25":{"start":{"line":44,"column":12},"end":{"line":44,"column":67}},"26":{"start":{"line":49,"column":6},"end":{"line":53,"column":8}}},"fnMap":{"0":{"name":"(anonymous_0)","decl":{"start":{"line":2,"column":13},"end":{"line":2,"column":14}},"loc":{"start":{"line":2,"column":25},"end":{"line":2,"column":27}},"line":2},"1":{"name":"Logger","decl":{"start":{"line":4,"column":16},"end":{"line":4,"column":22}},"loc":{"start":{"line":4,"column":49},"end":{"line":8,"column":1}},"line":4},"2":{"name":"(anonymous_2)","decl":{"start":{"line":11,"column":7},"end":{"line":11,"column":8}},"loc":{"start":{"line":11,"column":27},"end":{"line":14,"column":3}},"line":11},"3":{"name":"(anonymous_3)","decl":{"start":{"line":15,"column":7},"end":{"line":15,"column":8}},"loc":{"start":{"line":15,"column":19},"end":{"line":17,"column":3}},"line":15},"4":{"name":"installLevels","decl":{"start":{"line":22,"column":9},"end":{"line":22,"column":22}},"loc":{"start":{"line":22,"column":40},"end":{"line":55,"column":1}},"line":22},"5":{"name":"(anonymous_5)","decl":{"start":{"line":27,"column":25},"end":{"line":27,"column":26}},"loc":{"start":{"line":27,"column":34},"end":{"line":54,"column":5}},"line":27},"6":{"name":"(anonymous_6)","decl":{"start":{"line":32,"column":28},"end":{"line":32,"column":29}},"loc":{"start":{"line":32,"column":40},"end":{"line":46,"column":9}},"line":32},"7":{"name":"(anonymous_7)","decl":{"start":{"line":36,"column":19},"end":{"line":36,"column":20}},"loc":{"start":{"line":36,"column":31},"end":{"line":39,"column":13}},"line":36}},"branchMap":{"0":{"loc":{"start":{"line":5,"column":22},"end":{"line":5,"column":62}},"type":"binary-expr","locations":[{"start":{"line":5,"column":22},"end":{"line":5,"column":37}},{"start":{"line":5,"column":41},"end":{"line":5,"column":62}}],"line":5},"1":{"loc":{"start":{"line":31,"column":6},"end":{"line":47,"column":7}},"type":"if","locations":[{"start":{"line":31,"column":6},"end":{"line":47,"column":7}},{"start":{"line":31,"column":6},"end":{"line":47,"column":7}}],"line":31},"2":{"loc":{"start":{"line":34,"column":10},"end":{"line":45,"column":11}},"type":"if","locations":[{"start":{"line":34,"column":10},"end":{"line":45,"column":11}},{"start":{"line":34,"column":10},"end":{"line":45,"column":11}}],"line":34},"3":{"loc":{"start":{"line":41,"column":12},"end":{"line":43,"column":13}},"type":"if","locations":[{"start":{"line":41,"column":12},"end":{"line":43,"column":13}},{"start":{"line":41,"column":12},"end":{"line":43,"column":13}}],"line":41}},"s":{"0":1,"1":1,"2":9,"3":9,"4":9,"5":1,"6":1,"7":1,"8":2,"9":10,"10":10,"11":10,"12":10,"13":23,"14":23,"15":23,"16":23,"17":4,"18":4,"19":1,"20":1,"21":1,"22":1,"23":3,"24":1,"25":3,"26":23},"f":{"0":0,"1":9,"2":1,"3":2,"4":10,"5":23,"6":4,"7":1},"b":{"0":[9,4],"1":[23,0],"2":[1,3],"3":[1,2]},"_coverageSchema":"332fd63041d2c1bcb487cc26dd0d5f7d97098a6c","hash":"49dc04b7fc650cf8d91f2e36a43f65c963540c00"}
}
