TN:
SF:/Users/ematipico/www/easy-log/src/index.js
FN:24,validateSettings
FN:26,(anonymous_1)
FN:64,createLogger
FNF:3
FNH:3
FNDA:13,validateSettings
FNDA:16,(anonymous_1)
FNDA:17,createLogger
DA:5,1
DA:25,13
DA:26,13
DA:27,16
DA:28,1
DA:31,15
DA:32,15
DA:33,3
DA:35,12
DA:36,1
DA:39,11
DA:40,3
DA:41,1
DA:43,2
DA:44,2
DA:45,2
DA:46,1
DA:50,9
DA:51,2
DA:52,1
DA:65,17
DA:66,17
DA:67,13
DA:70,9
LF:24
LH:24
BRDA:27,0,0,1
BRDA:27,0,1,15
BRDA:32,1,0,3
BRDA:32,1,1,12
BRDA:35,2,0,1
BRDA:35,2,1,11
BRDA:39,3,0,3
BRDA:39,3,1,8
BRDA:40,4,0,1
BRDA:40,4,1,2
BRDA:43,5,0,2
BRDA:43,5,1,0
BRDA:45,6,0,1
BRDA:45,6,1,1
BRDA:50,7,0,2
BRDA:50,7,1,7
BRDA:51,8,0,1
BRDA:51,8,1,1
BRDA:65,9,0,17
BRDA:65,9,1,0
BRDA:66,10,0,13
BRDA:66,10,1,4
BRDA:70,11,0,9
BRDA:70,11,1,4
BRF:24
BRH:22
end_of_record
TN:
SF:/Users/ematipico/www/easy-log/src/logger.js
FN:2,(anonymous_0)
FN:4,Logger
FN:11,(anonymous_2)
FN:15,(anonymous_3)
FN:22,installLevels
FN:27,(anonymous_5)
FN:32,(anonymous_6)
FN:35,(anonymous_7)
FNF:8
FNH:7
FNDA:0,(anonymous_0)
FNDA:9,Logger
FNDA:1,(anonymous_2)
FNDA:2,(anonymous_3)
FNDA:10,installLevels
FNDA:23,(anonymous_5)
FNDA:4,(anonymous_6)
FNDA:1,(anonymous_7)
DA:1,1
DA:2,1
DA:5,9
DA:6,9
DA:7,9
DA:10,1
DA:12,1
DA:13,1
DA:16,2
DA:23,10
DA:24,10
DA:26,10
DA:27,10
DA:28,23
DA:29,23
DA:31,23
DA:32,19
DA:33,4
DA:34,1
DA:35,1
DA:36,1
DA:39,3
DA:40,3
DA:41,1
DA:43,3
DA:48,23
LF:26
LH:26
BRDA:5,0,0,9
BRDA:5,0,1,4
BRDA:31,1,0,19
BRDA:31,1,1,4
BRDA:33,2,0,1
BRDA:33,2,1,3
BRDA:40,3,0,1
BRDA:40,3,1,2
BRF:8
BRH:8
end_of_record
